[2024-11-17 23:54:00,198] 1038 httpx - INFO - HTTP Request: GET https://dagshub.com/api/v1/user "HTTP/1.1 200 OK"
[2024-11-17 23:54:00,207] 107 dagshub - INFO - Accessing as peniel18
[2024-11-17 23:54:00,757] 1038 httpx - INFO - HTTP Request: GET https://dagshub.com/api/v1/repos/peniel18/network-security "HTTP/1.1 200 OK"
[2024-11-17 23:54:01,359] 1038 httpx - INFO - HTTP Request: GET https://dagshub.com/api/v1/user "HTTP/1.1 200 OK"
[2024-11-17 23:54:01,361] 107 dagshub - INFO - Initialized MLflow to track repo "peniel18/network-security"
[2024-11-17 23:54:01,363] 107 dagshub - INFO - Repository peniel18/network-security initialized!
[2024-11-17 23:54:01,364] 85 root - INFO - Data Ingestion has Started
[2024-11-17 23:54:01,365] 33 root - INFO - export_collection_as_dataframe has started
[2024-11-17 23:54:35,781] 66 root - INFO - Data split spliting Completed
[2024-11-17 23:54:35,787] 69 root - INFO - Exporting train and test file path
[2024-11-17 23:54:35,912] 78 root - INFO - Exported train and test file path
[2024-11-17 23:54:35,913] 18 root - INFO - Data Validation has Started
[2024-11-17 23:54:35,913] 14 root - INFO - function: read_yaml_file has started
[2024-11-17 23:54:35,966] 37 root - INFO - Required number of columns: 31
[2024-11-17 23:54:35,967] 38 root - INFO - DataFrame columns: 31
[2024-11-17 23:54:35,967] 37 root - INFO - Required number of columns: 31
[2024-11-17 23:54:35,968] 38 root - INFO - DataFrame columns: 31
[2024-11-17 23:54:36,321] 146 root - INFO - Validation of Numerical columns data types Status: True
[2024-11-17 23:54:36,322] 59 root - INFO - Data Transformation has Started
[2024-11-17 23:54:36,323] 31 root - INFO - Reading data at file Path Artifacts/11_17_2024_23_53_56/data_ingestion/ingested/train.csv
[2024-11-17 23:54:36,357] 31 root - INFO - Reading data at file Path Artifacts/11_17_2024_23_53_56/data_ingestion/ingested/test.csv
[2024-11-17 23:54:36,372] 44 root - INFO - get_data_transformation_object has started
[2024-11-17 23:54:36,439] 53 root - INFO - Entered the save_object method of MainUtils class
[2024-11-17 23:54:36,473] 57 root - INFO - Exited the save_object method of MainUtils class
[2024-11-17 23:54:36,473] 53 root - INFO - Entered the save_object method of MainUtils class
[2024-11-17 23:54:36,498] 57 root - INFO - Exited the save_object method of MainUtils class
[2024-11-17 23:59:36,585] 11 root - INFO - Network Model Loaded
[2024-11-17 23:59:36,585] 53 root - INFO - Entered the save_object method of MainUtils class
[2024-11-17 23:59:36,596] 57 root - INFO - Exited the save_object method of MainUtils class
[2024-11-17 23:59:36,596] 53 root - INFO - Entered the save_object method of MainUtils class
[2024-11-17 23:59:36,769] 57 root - INFO - Exited the save_object method of MainUtils class
