[2024-11-16 23:17:57,118] 1038 httpx - INFO - HTTP Request: GET https://dagshub.com/api/v1/user "HTTP/1.1 200 OK"
[2024-11-16 23:17:57,127] 107 dagshub - INFO - Accessing as peniel18
[2024-11-16 23:17:58,608] 1038 httpx - INFO - HTTP Request: GET https://dagshub.com/api/v1/repos/peniel18/network-security "HTTP/1.1 200 OK"
[2024-11-16 23:17:59,841] 1038 httpx - INFO - HTTP Request: GET https://dagshub.com/api/v1/user "HTTP/1.1 200 OK"
[2024-11-16 23:17:59,846] 107 dagshub - INFO - Initialized MLflow to track repo "peniel18/network-security"
[2024-11-16 23:17:59,847] 107 dagshub - INFO - Repository peniel18/network-security initialized!
[2024-11-16 23:17:59,848] 85 root - INFO - Data Ingestion has Started
[2024-11-16 23:17:59,849] 33 root - INFO - export_collection_as_dataframe has started
[2024-11-16 23:20:31,074] 66 root - INFO - Data split spliting Completed
[2024-11-16 23:20:31,082] 69 root - INFO - Exporting train and test file path
[2024-11-16 23:20:31,241] 78 root - INFO - Exported train and test file path
[2024-11-16 23:20:31,242] 18 root - INFO - Data Validation has Started
[2024-11-16 23:20:31,243] 14 root - INFO - function: read_yaml_file has started
[2024-11-16 23:20:31,384] 37 root - INFO - Required number of columns: 31
[2024-11-16 23:20:31,384] 38 root - INFO - DataFrame columns: 31
[2024-11-16 23:20:31,385] 37 root - INFO - Required number of columns: 31
[2024-11-16 23:20:31,385] 38 root - INFO - DataFrame columns: 31
[2024-11-16 23:20:31,743] 146 root - INFO - Validation of Numerical columns data types Status: True
[2024-11-16 23:20:31,744] 59 root - INFO - Data Transformation has Started
[2024-11-16 23:20:31,744] 31 root - INFO - Reading data at file Path Artifacts/11_16_2024_23_17_52/data_ingestion/ingested/train.csv
[2024-11-16 23:20:31,778] 31 root - INFO - Reading data at file Path Artifacts/11_16_2024_23_17_52/data_ingestion/ingested/test.csv
[2024-11-16 23:20:31,795] 44 root - INFO - get_data_transformation_object has started
[2024-11-16 23:20:31,870] 53 root - INFO - Entered the save_object method of MainUtils class
[2024-11-16 23:20:31,911] 57 root - INFO - Exited the save_object method of MainUtils class
[2024-11-16 23:26:19,527] 11 root - INFO - Network Model Loaded
[2024-11-16 23:26:19,528] 53 root - INFO - Entered the save_object method of MainUtils class
[2024-11-16 23:26:19,545] 57 root - INFO - Exited the save_object method of MainUtils class
