[2024-11-18 23:33:33,209] 1038 httpx - INFO - HTTP Request: GET https://dagshub.com/api/v1/user "HTTP/1.1 200 OK"
[2024-11-18 23:33:33,221] 107 dagshub - INFO - Accessing as peniel18
[2024-11-18 23:33:34,128] 1038 httpx - INFO - HTTP Request: GET https://dagshub.com/api/v1/repos/peniel18/network-security "HTTP/1.1 200 OK"
[2024-11-18 23:33:34,843] 1038 httpx - INFO - HTTP Request: GET https://dagshub.com/api/v1/user "HTTP/1.1 200 OK"
[2024-11-18 23:33:34,846] 107 dagshub - INFO - Initialized MLflow to track repo "peniel18/network-security"
[2024-11-18 23:33:34,848] 107 dagshub - INFO - Repository peniel18/network-security initialized!
[2024-11-18 23:33:34,849] 21 root - INFO - Starting Data Ingestion
[2024-11-18 23:33:34,850] 85 root - INFO - Data Ingestion has Started
[2024-11-18 23:33:34,850] 33 root - INFO - export_collection_as_dataframe has started
[2024-11-18 23:34:03,231] 66 root - INFO - Data split spliting Completed
[2024-11-18 23:34:03,238] 69 root - INFO - Exporting train and test file path
[2024-11-18 23:34:03,499] 78 root - INFO - Exported train and test file path
[2024-11-18 23:34:03,500] 24 root - INFO - Data Ingestion completed
[2024-11-18 23:34:03,502] 33 root - INFO - Data Validation has Started
[2024-11-18 23:34:03,504] 18 root - INFO - Data Validation has Started
[2024-11-18 23:34:03,504] 14 root - INFO - function: read_yaml_file has started
[2024-11-18 23:34:03,647] 37 root - INFO - Required number of columns: 31
[2024-11-18 23:34:03,648] 38 root - INFO - DataFrame columns: 31
[2024-11-18 23:34:03,648] 37 root - INFO - Required number of columns: 31
[2024-11-18 23:34:03,648] 38 root - INFO - DataFrame columns: 31
[2024-11-18 23:34:04,128] 146 root - INFO - Validation of Numerical columns data types Status: True
[2024-11-18 23:34:04,129] 37 root - INFO - Data Validation has been completed
[2024-11-18 23:34:04,130] 44 root - INFO - Data Transformation has Started
[2024-11-18 23:34:04,130] 59 root - INFO - Data Transformation has Started
[2024-11-18 23:34:04,131] 31 root - INFO - Reading data at file Path Artifacts/11_18_2024_23_33_05/data_ingestion/ingested/train.csv
[2024-11-18 23:34:04,183] 31 root - INFO - Reading data at file Path Artifacts/11_18_2024_23_33_05/data_ingestion/ingested/test.csv
[2024-11-18 23:34:04,208] 44 root - INFO - get_data_transformation_object has started
[2024-11-18 23:34:04,966] 53 root - INFO - Entered the save_object method of MainUtils class
[2024-11-18 23:34:05,153] 57 root - INFO - Exited the save_object method of MainUtils class
[2024-11-18 23:34:05,153] 53 root - INFO - Entered the save_object method of MainUtils class
[2024-11-18 23:34:05,251] 57 root - INFO - Exited the save_object method of MainUtils class
[2024-11-18 23:40:14,821] 11 root - INFO - Network Model Loaded
[2024-11-18 23:40:14,822] 53 root - INFO - Entered the save_object method of MainUtils class
[2024-11-18 23:40:14,833] 57 root - INFO - Exited the save_object method of MainUtils class
[2024-11-18 23:40:14,833] 53 root - INFO - Entered the save_object method of MainUtils class
[2024-11-18 23:40:15,134] 57 root - INFO - Exited the save_object method of MainUtils class
