[2024-11-16 22:48:48,399] 1038 httpx - INFO - HTTP Request: GET https://dagshub.com/api/v1/user "HTTP/1.1 200 OK"
[2024-11-16 22:48:48,410] 107 dagshub - INFO - Accessing as peniel18
[2024-11-16 22:48:49,229] 1038 httpx - INFO - HTTP Request: GET https://dagshub.com/api/v1/repos/peniel18/network-security "HTTP/1.1 200 OK"
[2024-11-16 22:48:49,792] 1038 httpx - INFO - HTTP Request: GET https://dagshub.com/api/v1/user "HTTP/1.1 200 OK"
[2024-11-16 22:48:49,794] 107 dagshub - INFO - Initialized MLflow to track repo "peniel18/network-security"
[2024-11-16 22:48:49,795] 107 dagshub - INFO - Repository peniel18/network-security initialized!
[2024-11-16 22:48:49,816] 85 root - INFO - Data Ingestion has Started
[2024-11-16 22:48:49,816] 33 root - INFO - export_collection_as_dataframe has started
[2024-11-16 22:50:10,252] 66 root - INFO - Data split spliting Completed
[2024-11-16 22:50:10,258] 69 root - INFO - Exporting train and test file path
[2024-11-16 22:50:10,397] 78 root - INFO - Exported train and test file path
[2024-11-16 22:50:10,398] 18 root - INFO - Data Validation has Started
[2024-11-16 22:50:10,399] 14 root - INFO - function: read_yaml_file has started
[2024-11-16 22:50:10,452] 37 root - INFO - Required number of columns: 31
[2024-11-16 22:50:10,452] 38 root - INFO - DataFrame columns: 31
[2024-11-16 22:50:10,453] 37 root - INFO - Required number of columns: 31
[2024-11-16 22:50:10,453] 38 root - INFO - DataFrame columns: 31
[2024-11-16 22:50:10,806] 146 root - INFO - Validation of Numerical columns data types Status: True
[2024-11-16 22:50:10,808] 59 root - INFO - Data Transformation has Started
[2024-11-16 22:50:10,808] 31 root - INFO - Reading data at file Path Artifacts/11_16_2024_22_48_45/data_ingestion/ingested/train.csv
[2024-11-16 22:50:10,846] 31 root - INFO - Reading data at file Path Artifacts/11_16_2024_22_48_45/data_ingestion/ingested/test.csv
[2024-11-16 22:50:10,863] 44 root - INFO - get_data_transformation_object has started
[2024-11-16 22:50:10,945] 53 root - INFO - Entered the save_object method of MainUtils class
[2024-11-16 22:50:10,980] 57 root - INFO - Exited the save_object method of MainUtils class
