[2024-11-16 22:16:26,794] 85 root - INFO - Data Ingestion has Started
[2024-11-16 22:16:26,797] 33 root - INFO - export_collection_as_dataframe has started
[2024-11-16 22:18:27,797] 66 root - INFO - Data split spliting Completed
[2024-11-16 22:18:27,803] 69 root - INFO - Exporting train and test file path
[2024-11-16 22:18:27,934] 78 root - INFO - Exported train and test file path
[2024-11-16 22:18:27,934] 18 root - INFO - Data Validation has Started
[2024-11-16 22:18:27,935] 14 root - INFO - function: read_yaml_file has started
[2024-11-16 22:18:28,001] 37 root - INFO - Required number of columns: 31
[2024-11-16 22:18:28,002] 38 root - INFO - DataFrame columns: 31
[2024-11-16 22:18:28,002] 37 root - INFO - Required number of columns: 31
[2024-11-16 22:18:28,003] 38 root - INFO - DataFrame columns: 31
[2024-11-16 22:18:28,327] 146 root - INFO - Validation of Numerical columns data types Status: True
[2024-11-16 22:18:28,328] 59 root - INFO - Data Transformation has Started
[2024-11-16 22:18:28,329] 31 root - INFO - Reading data at file Path Artifacts/11_16_2024_22_16_13/data_ingestion/ingested/train.csv
[2024-11-16 22:18:28,357] 31 root - INFO - Reading data at file Path Artifacts/11_16_2024_22_16_13/data_ingestion/ingested/test.csv
[2024-11-16 22:18:28,373] 44 root - INFO - get_data_transformation_object has started
[2024-11-16 22:18:28,497] 53 root - INFO - Entered the save_object method of MainUtils class
[2024-11-16 22:18:28,531] 57 root - INFO - Exited the save_object method of MainUtils class
[2024-11-16 22:23:06,675] 11 root - INFO - Network Model Loaded
[2024-11-16 22:23:06,675] 53 root - INFO - Entered the save_object method of MainUtils class
[2024-11-16 22:23:06,685] 57 root - INFO - Exited the save_object method of MainUtils class
