[2024-11-16 23:03:59,920] 1038 httpx - INFO - HTTP Request: GET https://dagshub.com/api/v1/user "HTTP/1.1 200 OK"
[2024-11-16 23:03:59,929] 107 dagshub - INFO - Accessing as peniel18
[2024-11-16 23:04:01,751] 1038 httpx - INFO - HTTP Request: GET https://dagshub.com/api/v1/repos/peniel18/network-security "HTTP/1.1 200 OK"
[2024-11-16 23:04:02,792] 1038 httpx - INFO - HTTP Request: GET https://dagshub.com/api/v1/user "HTTP/1.1 200 OK"
[2024-11-16 23:04:02,794] 107 dagshub - INFO - Initialized MLflow to track repo "peniel18/network-security"
[2024-11-16 23:04:02,795] 107 dagshub - INFO - Repository peniel18/network-security initialized!
[2024-11-16 23:04:02,829] 85 root - INFO - Data Ingestion has Started
[2024-11-16 23:04:02,830] 33 root - INFO - export_collection_as_dataframe has started
[2024-11-16 23:05:02,103] 66 root - INFO - Data split spliting Completed
[2024-11-16 23:05:02,109] 69 root - INFO - Exporting train and test file path
[2024-11-16 23:05:02,236] 78 root - INFO - Exported train and test file path
[2024-11-16 23:05:02,237] 18 root - INFO - Data Validation has Started
[2024-11-16 23:05:02,238] 14 root - INFO - function: read_yaml_file has started
[2024-11-16 23:05:02,328] 37 root - INFO - Required number of columns: 31
[2024-11-16 23:05:02,329] 38 root - INFO - DataFrame columns: 31
[2024-11-16 23:05:02,329] 37 root - INFO - Required number of columns: 31
[2024-11-16 23:05:02,329] 38 root - INFO - DataFrame columns: 31
[2024-11-16 23:05:03,134] 146 root - INFO - Validation of Numerical columns data types Status: True
[2024-11-16 23:05:03,141] 59 root - INFO - Data Transformation has Started
[2024-11-16 23:05:03,146] 31 root - INFO - Reading data at file Path Artifacts/11_16_2024_23_03_55/data_ingestion/ingested/train.csv
[2024-11-16 23:05:03,223] 31 root - INFO - Reading data at file Path Artifacts/11_16_2024_23_03_55/data_ingestion/ingested/test.csv
[2024-11-16 23:05:03,239] 44 root - INFO - get_data_transformation_object has started
[2024-11-16 23:05:03,541] 53 root - INFO - Entered the save_object method of MainUtils class
[2024-11-16 23:05:03,587] 57 root - INFO - Exited the save_object method of MainUtils class
