[2024-11-24 02:33:27,587] 21 root - INFO - Starting Data Ingestion
[2024-11-24 02:33:27,590] 85 root - INFO - Data Ingestion has Started
[2024-11-24 02:33:27,591] 33 root - INFO - export_collection_as_dataframe has started
[2024-11-24 02:33:38,930] 66 root - INFO - Data split spliting Completed
[2024-11-24 02:33:38,937] 69 root - INFO - Exporting train and test file path
[2024-11-24 02:33:39,074] 78 root - INFO - Exported train and test file path
[2024-11-24 02:33:39,074] 24 root - INFO - Data Ingestion completed
[2024-11-24 02:33:39,075] 33 root - INFO - Data Validation has Started
[2024-11-24 02:33:39,076] 18 root - INFO - Data Validation has Started
[2024-11-24 02:33:39,076] 14 root - INFO - function: read_yaml_file has started
[2024-11-24 02:33:39,153] 37 root - INFO - Required number of columns: 31
[2024-11-24 02:33:39,154] 38 root - INFO - DataFrame columns: 31
[2024-11-24 02:33:39,154] 37 root - INFO - Required number of columns: 31
[2024-11-24 02:33:39,154] 38 root - INFO - DataFrame columns: 31
[2024-11-24 02:33:39,584] 146 root - INFO - Validation of Numerical columns data types Status: True
[2024-11-24 02:33:39,584] 37 root - INFO - Data Validation has been completed
[2024-11-24 02:33:39,585] 44 root - INFO - Data Transformation has Started
[2024-11-24 02:33:39,585] 59 root - INFO - Data Transformation has Started
[2024-11-24 02:33:39,586] 31 root - INFO - Reading data at file Path Artifacts/11_24_2024_02_33_12/data_ingestion/ingested/train.csv
[2024-11-24 02:33:39,643] 31 root - INFO - Reading data at file Path Artifacts/11_24_2024_02_33_12/data_ingestion/ingested/test.csv
[2024-11-24 02:33:39,660] 44 root - INFO - get_data_transformation_object has started
[2024-11-24 02:33:39,768] 53 root - INFO - Entered the save_object method of MainUtils class
[2024-11-24 02:33:39,811] 57 root - INFO - Exited the save_object method of MainUtils class
[2024-11-24 02:33:39,812] 53 root - INFO - Entered the save_object method of MainUtils class
[2024-11-24 02:33:39,849] 57 root - INFO - Exited the save_object method of MainUtils class
[2024-11-24 02:40:22,705] 11 root - INFO - Network Model Loaded
[2024-11-24 02:40:22,705] 53 root - INFO - Entered the save_object method of MainUtils class
[2024-11-24 02:40:22,717] 57 root - INFO - Exited the save_object method of MainUtils class
[2024-11-24 02:40:22,717] 53 root - INFO - Entered the save_object method of MainUtils class
[2024-11-24 02:40:22,766] 57 root - INFO - Exited the save_object method of MainUtils class
