[2024-11-26 02:02:15,799] 1038 httpx - INFO - HTTP Request: GET https://dagshub.com/api/v1/user "HTTP/1.1 200 OK"
[2024-11-26 02:02:15,822] 107 dagshub - INFO - Accessing as peniel18
[2024-11-26 02:02:16,513] 1038 httpx - INFO - HTTP Request: GET https://dagshub.com/api/v1/repos/peniel18/network-security "HTTP/1.1 200 OK"
[2024-11-26 02:02:17,300] 1038 httpx - INFO - HTTP Request: GET https://dagshub.com/api/v1/user "HTTP/1.1 200 OK"
[2024-11-26 02:02:17,305] 107 dagshub - INFO - Initialized MLflow to track repo "peniel18/network-security"
[2024-11-26 02:02:17,306] 107 dagshub - INFO - Repository peniel18/network-security initialized!
[2024-11-26 02:02:39,110] 21 root - INFO - Starting Data Ingestion
[2024-11-26 02:02:39,110] 85 root - INFO - Data Ingestion has Started
[2024-11-26 02:02:39,113] 33 root - INFO - export_collection_as_dataframe has started
[2024-11-26 02:02:57,943] 66 root - INFO - Data split spliting Completed
[2024-11-26 02:02:57,953] 69 root - INFO - Exporting train and test file path
[2024-11-26 02:02:58,111] 78 root - INFO - Exported train and test file path
[2024-11-26 02:02:58,111] 24 root - INFO - Data Ingestion completed
[2024-11-26 02:02:58,112] 33 root - INFO - Data Validation has Started
[2024-11-26 02:02:58,113] 18 root - INFO - Data Validation has Started
[2024-11-26 02:02:58,113] 14 root - INFO - function: read_yaml_file has started
[2024-11-26 02:02:58,241] 37 root - INFO - Required number of columns: 31
[2024-11-26 02:02:58,242] 38 root - INFO - DataFrame columns: 31
[2024-11-26 02:02:58,242] 37 root - INFO - Required number of columns: 31
[2024-11-26 02:02:58,242] 38 root - INFO - DataFrame columns: 31
[2024-11-26 02:02:58,630] 146 root - INFO - Validation of Numerical columns data types Status: True
[2024-11-26 02:02:58,631] 37 root - INFO - Data Validation has been completed
[2024-11-26 02:02:58,631] 44 root - INFO - Data Transformation has Started
[2024-11-26 02:02:58,631] 59 root - INFO - Data Transformation has Started
[2024-11-26 02:02:58,632] 31 root - INFO - Reading data at file Path Artifacts/11_26_2024_02_02_11/data_ingestion/ingested/train.csv
[2024-11-26 02:02:58,668] 31 root - INFO - Reading data at file Path Artifacts/11_26_2024_02_02_11/data_ingestion/ingested/test.csv
[2024-11-26 02:02:58,686] 44 root - INFO - get_data_transformation_object has started
[2024-11-26 02:02:58,761] 53 root - INFO - Entered the save_object method of MainUtils class
[2024-11-26 02:02:58,795] 57 root - INFO - Exited the save_object method of MainUtils class
[2024-11-26 02:02:58,795] 53 root - INFO - Entered the save_object method of MainUtils class
[2024-11-26 02:02:58,824] 57 root - INFO - Exited the save_object method of MainUtils class
[2024-11-26 02:11:55,872] 11 root - INFO - Network Model Loaded
[2024-11-26 02:11:55,873] 53 root - INFO - Entered the save_object method of MainUtils class
[2024-11-26 02:11:55,883] 57 root - INFO - Exited the save_object method of MainUtils class
[2024-11-26 02:11:55,883] 53 root - INFO - Entered the save_object method of MainUtils class
[2024-11-26 02:11:56,193] 57 root - INFO - Exited the save_object method of MainUtils class
