[2024-11-24 02:11:51,515] 1038 httpx - INFO - HTTP Request: GET https://dagshub.com/api/v1/user "HTTP/1.1 200 OK"
[2024-11-24 02:11:51,523] 107 dagshub - INFO - Accessing as peniel18
[2024-11-24 02:11:52,020] 1038 httpx - INFO - HTTP Request: GET https://dagshub.com/api/v1/repos/peniel18/network-security "HTTP/1.1 200 OK"
[2024-11-24 02:11:52,677] 1038 httpx - INFO - HTTP Request: GET https://dagshub.com/api/v1/user "HTTP/1.1 200 OK"
[2024-11-24 02:11:52,680] 107 dagshub - INFO - Initialized MLflow to track repo "peniel18/network-security"
[2024-11-24 02:11:52,681] 107 dagshub - INFO - Repository peniel18/network-security initialized!
[2024-11-24 02:11:52,696] 85 root - INFO - Data Ingestion has Started
[2024-11-24 02:11:52,698] 33 root - INFO - export_collection_as_dataframe has started
[2024-11-24 02:12:08,305] 66 root - INFO - Data split spliting Completed
[2024-11-24 02:12:08,499] 69 root - INFO - Exporting train and test file path
[2024-11-24 02:12:08,722] 78 root - INFO - Exported train and test file path
[2024-11-24 02:12:08,723] 18 root - INFO - Data Validation has Started
[2024-11-24 02:12:08,723] 14 root - INFO - function: read_yaml_file has started
[2024-11-24 02:12:08,987] 37 root - INFO - Required number of columns: 31
[2024-11-24 02:12:08,987] 38 root - INFO - DataFrame columns: 31
[2024-11-24 02:12:08,988] 37 root - INFO - Required number of columns: 31
[2024-11-24 02:12:08,988] 38 root - INFO - DataFrame columns: 31
[2024-11-24 02:12:10,366] 146 root - INFO - Validation of Numerical columns data types Status: True
[2024-11-24 02:12:10,366] 59 root - INFO - Data Transformation has Started
[2024-11-24 02:12:10,367] 31 root - INFO - Reading data at file Path Artifacts/11_24_2024_02_11_30/data_ingestion/ingested/train.csv
[2024-11-24 02:12:10,536] 31 root - INFO - Reading data at file Path Artifacts/11_24_2024_02_11_30/data_ingestion/ingested/test.csv
[2024-11-24 02:12:10,609] 44 root - INFO - get_data_transformation_object has started
[2024-11-24 02:12:11,173] 53 root - INFO - Entered the save_object method of MainUtils class
[2024-11-24 02:12:11,252] 57 root - INFO - Exited the save_object method of MainUtils class
[2024-11-24 02:12:11,253] 53 root - INFO - Entered the save_object method of MainUtils class
[2024-11-24 02:12:11,278] 57 root - INFO - Exited the save_object method of MainUtils class
[2024-11-24 02:20:08,582] 870 urllib3.connectionpool - WARNING - Retrying (Retry(total=4, connect=5, read=4, redirect=5, status=5)) after connection broken by 'TimeoutError('The write operation timed out')': /peniel18/network-security.mlflow/api/2.0/mlflow-artifacts/artifacts/b8de463a2b5043e9bfa85a552f3e6339/b2e7f309a6904d0d930b2d5b6fd5a624/artifacts/model/model.pkl
[2024-11-24 02:20:42,282] 11 root - INFO - Network Model Loaded
[2024-11-24 02:20:42,282] 53 root - INFO - Entered the save_object method of MainUtils class
[2024-11-24 02:20:42,298] 57 root - INFO - Exited the save_object method of MainUtils class
[2024-11-24 02:20:42,298] 53 root - INFO - Entered the save_object method of MainUtils class
[2024-11-24 02:20:42,644] 57 root - INFO - Exited the save_object method of MainUtils class
