[2024-11-30 18:19:53,672] 1038 httpx - INFO - HTTP Request: GET https://dagshub.com/api/v1/user "HTTP/1.1 200 OK"
[2024-11-30 18:19:53,694] 107 dagshub - INFO - Accessing as peniel18
[2024-11-30 18:19:54,544] 1038 httpx - INFO - HTTP Request: GET https://dagshub.com/api/v1/repos/peniel18/network-security "HTTP/1.1 200 OK"
[2024-11-30 18:19:55,192] 1038 httpx - INFO - HTTP Request: GET https://dagshub.com/api/v1/user "HTTP/1.1 200 OK"
[2024-11-30 18:19:55,196] 107 dagshub - INFO - Initialized MLflow to track repo "peniel18/network-security"
[2024-11-30 18:19:55,198] 107 dagshub - INFO - Repository peniel18/network-security initialized!
[2024-11-30 18:20:03,259] 24 root - INFO - Starting Data Ingestion
[2024-11-30 18:20:03,261] 85 root - INFO - Data Ingestion has Started
[2024-11-30 18:20:03,261] 33 root - INFO - export_collection_as_dataframe has started
[2024-11-30 18:20:24,514] 66 root - INFO - Data split spliting Completed
[2024-11-30 18:20:24,519] 69 root - INFO - Exporting train and test file path
[2024-11-30 18:20:24,671] 78 root - INFO - Exported train and test file path
[2024-11-30 18:20:24,672] 27 root - INFO - Data Ingestion completed
[2024-11-30 18:20:24,672] 36 root - INFO - Data Validation has Started
[2024-11-30 18:20:24,673] 18 root - INFO - Data Validation has Started
[2024-11-30 18:20:24,673] 14 root - INFO - function: read_yaml_file has started
[2024-11-30 18:20:24,742] 37 root - INFO - Required number of columns: 31
[2024-11-30 18:20:24,743] 38 root - INFO - DataFrame columns: 31
[2024-11-30 18:20:24,743] 37 root - INFO - Required number of columns: 31
[2024-11-30 18:20:24,743] 38 root - INFO - DataFrame columns: 31
[2024-11-30 18:20:25,247] 146 root - INFO - Validation of Numerical columns data types Status: True
[2024-11-30 18:20:25,248] 40 root - INFO - Data Validation has been completed
[2024-11-30 18:20:25,249] 47 root - INFO - Data Transformation has Started
[2024-11-30 18:20:25,249] 59 root - INFO - Data Transformation has Started
[2024-11-30 18:20:25,250] 31 root - INFO - Reading data at file Path Artifacts/11_30_2024_18_19_49/data_ingestion/ingested/train.csv
[2024-11-30 18:20:25,305] 31 root - INFO - Reading data at file Path Artifacts/11_30_2024_18_19_49/data_ingestion/ingested/test.csv
[2024-11-30 18:20:25,334] 44 root - INFO - get_data_transformation_object has started
[2024-11-30 18:20:25,524] 53 root - INFO - Entered the save_object method of MainUtils class
[2024-11-30 18:20:25,574] 57 root - INFO - Exited the save_object method of MainUtils class
[2024-11-30 18:20:25,575] 53 root - INFO - Entered the save_object method of MainUtils class
[2024-11-30 18:20:25,618] 57 root - INFO - Exited the save_object method of MainUtils class
[2024-11-30 18:29:34,199] 11 root - INFO - Network Model Loaded
[2024-11-30 18:29:34,200] 53 root - INFO - Entered the save_object method of MainUtils class
[2024-11-30 18:29:34,218] 57 root - INFO - Exited the save_object method of MainUtils class
[2024-11-30 18:29:34,219] 53 root - INFO - Entered the save_object method of MainUtils class
[2024-11-30 18:29:41,479] 57 root - INFO - Exited the save_object method of MainUtils class
