[2024-11-30 18:02:35,700] 1038 httpx - INFO - HTTP Request: GET https://dagshub.com/api/v1/user "HTTP/1.1 200 OK"
[2024-11-30 18:02:35,712] 107 dagshub - INFO - Accessing as peniel18
[2024-11-30 18:02:36,443] 1038 httpx - INFO - HTTP Request: GET https://dagshub.com/api/v1/repos/peniel18/network-security "HTTP/1.1 200 OK"
[2024-11-30 18:02:37,121] 1038 httpx - INFO - HTTP Request: GET https://dagshub.com/api/v1/user "HTTP/1.1 200 OK"
[2024-11-30 18:02:37,124] 107 dagshub - INFO - Initialized MLflow to track repo "peniel18/network-security"
[2024-11-30 18:02:37,126] 107 dagshub - INFO - Repository peniel18/network-security initialized!
[2024-11-30 18:03:10,276] 24 root - INFO - Starting Data Ingestion
[2024-11-30 18:03:10,278] 85 root - INFO - Data Ingestion has Started
[2024-11-30 18:03:10,278] 33 root - INFO - export_collection_as_dataframe has started
[2024-11-30 18:03:35,149] 66 root - INFO - Data split spliting Completed
[2024-11-30 18:03:35,173] 69 root - INFO - Exporting train and test file path
[2024-11-30 18:03:35,474] 78 root - INFO - Exported train and test file path
[2024-11-30 18:03:35,475] 27 root - INFO - Data Ingestion completed
[2024-11-30 18:03:35,481] 36 root - INFO - Data Validation has Started
[2024-11-30 18:03:35,482] 18 root - INFO - Data Validation has Started
[2024-11-30 18:03:35,482] 14 root - INFO - function: read_yaml_file has started
[2024-11-30 18:03:35,603] 37 root - INFO - Required number of columns: 31
[2024-11-30 18:03:35,604] 38 root - INFO - DataFrame columns: 31
[2024-11-30 18:03:35,604] 37 root - INFO - Required number of columns: 31
[2024-11-30 18:03:35,605] 38 root - INFO - DataFrame columns: 31
[2024-11-30 18:03:36,521] 146 root - INFO - Validation of Numerical columns data types Status: True
[2024-11-30 18:03:36,522] 40 root - INFO - Data Validation has been completed
[2024-11-30 18:03:36,523] 47 root - INFO - Data Transformation has Started
[2024-11-30 18:03:36,526] 59 root - INFO - Data Transformation has Started
[2024-11-30 18:03:36,527] 31 root - INFO - Reading data at file Path Artifacts/11_30_2024_18_02_30/data_ingestion/ingested/train.csv
[2024-11-30 18:03:36,602] 31 root - INFO - Reading data at file Path Artifacts/11_30_2024_18_02_30/data_ingestion/ingested/test.csv
[2024-11-30 18:03:36,633] 44 root - INFO - get_data_transformation_object has started
[2024-11-30 18:03:36,732] 53 root - INFO - Entered the save_object method of MainUtils class
[2024-11-30 18:03:36,778] 57 root - INFO - Exited the save_object method of MainUtils class
[2024-11-30 18:03:36,779] 53 root - INFO - Entered the save_object method of MainUtils class
[2024-11-30 18:03:36,815] 57 root - INFO - Exited the save_object method of MainUtils class
[2024-11-30 18:13:11,143] 11 root - INFO - Network Model Loaded
[2024-11-30 18:13:11,144] 53 root - INFO - Entered the save_object method of MainUtils class
[2024-11-30 18:13:11,160] 57 root - INFO - Exited the save_object method of MainUtils class
[2024-11-30 18:13:11,160] 53 root - INFO - Entered the save_object method of MainUtils class
[2024-11-30 18:13:11,358] 57 root - INFO - Exited the save_object method of MainUtils class
