[2024-11-30 17:29:58,305] 1038 httpx - INFO - HTTP Request: GET https://dagshub.com/api/v1/user "HTTP/1.1 200 OK"
[2024-11-30 17:29:58,318] 107 dagshub - INFO - Accessing as peniel18
[2024-11-30 17:29:59,151] 1038 httpx - INFO - HTTP Request: GET https://dagshub.com/api/v1/repos/peniel18/network-security "HTTP/1.1 200 OK"
[2024-11-30 17:30:03,014] 1038 httpx - INFO - HTTP Request: GET https://dagshub.com/api/v1/user "HTTP/1.1 200 OK"
[2024-11-30 17:30:03,050] 107 dagshub - INFO - Initialized MLflow to track repo "peniel18/network-security"
[2024-11-30 17:30:03,062] 107 dagshub - INFO - Repository peniel18/network-security initialized!
[2024-11-30 17:39:20,045] 24 root - INFO - Starting Data Ingestion
[2024-11-30 17:39:20,050] 85 root - INFO - Data Ingestion has Started
[2024-11-30 17:39:20,060] 33 root - INFO - export_collection_as_dataframe has started
[2024-11-30 17:39:56,142] 66 root - INFO - Data split spliting Completed
[2024-11-30 17:39:56,152] 69 root - INFO - Exporting train and test file path
[2024-11-30 17:39:57,613] 78 root - INFO - Exported train and test file path
[2024-11-30 17:39:57,625] 27 root - INFO - Data Ingestion completed
[2024-11-30 17:39:57,626] 36 root - INFO - Data Validation has Started
[2024-11-30 17:39:57,694] 18 root - INFO - Data Validation has Started
[2024-11-30 17:39:57,740] 14 root - INFO - function: read_yaml_file has started
[2024-11-30 17:39:58,787] 37 root - INFO - Required number of columns: 31
[2024-11-30 17:39:58,791] 38 root - INFO - DataFrame columns: 31
[2024-11-30 17:39:58,795] 37 root - INFO - Required number of columns: 31
[2024-11-30 17:39:58,796] 38 root - INFO - DataFrame columns: 31
[2024-11-30 17:40:01,282] 146 root - INFO - Validation of Numerical columns data types Status: True
[2024-11-30 17:40:01,286] 40 root - INFO - Data Validation has been completed
[2024-11-30 17:40:01,287] 47 root - INFO - Data Transformation has Started
[2024-11-30 17:40:01,291] 59 root - INFO - Data Transformation has Started
[2024-11-30 17:40:01,292] 31 root - INFO - Reading data at file Path Artifacts/11_30_2024_17_29_43/data_ingestion/ingested/train.csv
[2024-11-30 17:40:01,405] 31 root - INFO - Reading data at file Path Artifacts/11_30_2024_17_29_43/data_ingestion/ingested/test.csv
[2024-11-30 17:40:01,448] 44 root - INFO - get_data_transformation_object has started
[2024-11-30 17:40:01,647] 53 root - INFO - Entered the save_object method of MainUtils class
[2024-11-30 17:40:01,845] 57 root - INFO - Exited the save_object method of MainUtils class
[2024-11-30 17:40:01,845] 53 root - INFO - Entered the save_object method of MainUtils class
[2024-11-30 17:40:01,916] 57 root - INFO - Exited the save_object method of MainUtils class
[2024-11-30 17:50:59,215] 11 root - INFO - Network Model Loaded
[2024-11-30 17:50:59,216] 53 root - INFO - Entered the save_object method of MainUtils class
[2024-11-30 17:50:59,235] 57 root - INFO - Exited the save_object method of MainUtils class
[2024-11-30 17:50:59,235] 53 root - INFO - Entered the save_object method of MainUtils class
[2024-11-30 17:50:59,314] 57 root - INFO - Exited the save_object method of MainUtils class
